<?xml version="1.0" encoding="UTF-8"?>
<!-- Generated by org.testng.reporters.JUnitReportReporter -->
<testsuite hostname="Raja-Amar" failures="0" tests="1" name="driverFactory.AppTest" time="40.310" errors="0" timestamp="2023-04-25T11:29:37 IST" skipped="0">
  <testcase classname="driverFactory.AppTest" name="startTest" time="40.310"/>
  <system-out>
    <![CDATA[No of rows in TCSheet::9     No of rows in TSSheet::34
Login Success::AdminFlow    http://primusbank.qedgetech.com/adminflow.aspx
Employee Updation Failed::Updation Failure Due to Some Constraints
Logout Success::]]>
  </system-out>
</testsuite> <!-- driverFactory.AppTest -->
